/global/cscratch1/sd/abault/tomo_challenge/bin/..
Found classifier RandomForest_log
Found classifier IBandOnly
Found classifier RandomForestNormal
Found classifier RandomForestUniform
Found classifier RF_Log_CombineBins
Found classifier RandomForest
Found classifier RF_Normal_CombineBins
Found classifier RandomForestCombineBins
Found classifier RF_Uniform_CombineBins
Found classifier Random
Found classifier RandomForest_comb_test
Executing:  RF_Log_CombineBins riz {'bins': 5, 'colors': True, 'errors': True}
{'bins': 5, 'colors': True, 'errors': True} ['bins']
Initializing classifier...
Training...
Finding bins for training data
the bins are in logspace
cut percent: 0.05
Fitting classifier
Applying...
Getting metric...
Running in serial mode (one process).

Parameter Priors
----------------
params--omega_k  ~ delta(0.0)
params--omega_c  ~ U(0.25, 0.32)
params--omega_b  ~ U(0.04, 0.05)
params--h        ~ U(0.5, 0.9)
params--n_s      ~ U(0.9, 1.02)
params--sigma8   ~ U(0.74, 0.94)
params--w0       ~ delta(-1.0)
params--wa       ~ delta(0.0)


****************************
* Running sampler 1/1: fisher
* Saving output -> /tmp/tmpg7kdsum8/chain.txt
****************************
Calculating derivatives using 20 total models
Running in serial mode (one process).

Parameter Priors
----------------
params--omega_k  ~ delta(0.0)
params--omega_c  ~ U(0.25, 0.32)
params--omega_b  ~ U(0.04, 0.05)
params--h        ~ U(0.5, 0.9)
params--n_s      ~ U(0.9, 1.02)
params--sigma8   ~ U(0.74, 0.94)
params--w0       ~ delta(-1.0)
params--wa       ~ delta(0.0)
params--bias_0   ~ delta(1.1884258020603244)
params--bias_1   ~ delta(1.7318281282478987)
params--bias_2   ~ delta(1.2284861515879035)
params--bias_3   ~ delta(1.3620825506058292)


****************************
* Running sampler 1/1: fisher
* Saving output -> /tmp/tmpybi295wo/chain.txt
****************************
Calculating derivatives using 20 total models
Running in serial mode (one process).

Parameter Priors
----------------
params--omega_k  ~ delta(0.0)
params--omega_c  ~ U(0.25, 0.32)
params--omega_b  ~ U(0.04, 0.05)
params--h        ~ U(0.5, 0.9)
params--n_s      ~ U(0.9, 1.02)
params--sigma8   ~ U(0.74, 0.94)
params--w0       ~ delta(-1.0)
params--wa       ~ delta(0.0)
params--bias_0   ~ delta(1.1884258020603244)
params--bias_1   ~ delta(1.7318281282478987)
params--bias_2   ~ delta(1.2284861515879035)
params--bias_3   ~ delta(1.3620825506058292)


****************************
* Running sampler 1/1: fisher
* Saving output -> /tmp/tmphrgb4k7e/chain.txt
****************************
Calculating derivatives using 20 total models
WARNING: The inverse covariance matrix produced by your pipeline
         is not symmetric. This probably indicates a mistake somewhere.
         If you are only using cosmosis-standard-library likelihoods please 
         open an issue about this on the cosmosis site.
Making some pretty plots...
