/global/cscratch1/sd/abault/tomo_challenge/bin/..
Found classifier RandomForest_log
Found classifier IBandOnly
Found classifier RandomForestNormal
Found classifier RandomForestUniform
Found classifier RF_Log_CombineBins
Found classifier RandomForest
Found classifier RF_Normal_CombineBins
Found classifier RandomForestCombineBins
Found classifier RF_Uniform_CombineBins
Found classifier Random
Found classifier RandomForest_comb_test
Executing:  RF_Log_CombineBins riz {'bins': 5, 'colors': True, 'errors': True}
{'bins': 5, 'colors': True, 'errors': True} ['bins']
Initializing classifier...
Training...
Finding bins for training data
the bins are in logspace
cut percent: 0.05
Fitting classifier
Applying...
Getting metric...
4
(304,)
(4, 304)
6249319.62865952
4660882
536666.3042368268
446018
2100382.2024054904
1711346
18041048.9972932
10410308
biases= [1.3408019402034894, 1.2032391164411007, 1.2273276137061064, 1.732998581530268]
Running in serial mode (one process).

Parameter Priors
----------------
params--omega_k  ~ delta(0.0)
params--omega_c  ~ U(0.25, 0.32)
params--omega_b  ~ U(0.04, 0.05)
params--h        ~ U(0.5, 0.9)
params--n_s      ~ U(0.9, 1.02)
params--sigma8   ~ U(0.74, 0.94)
params--w0       ~ delta(-1.0)
params--wa       ~ delta(0.0)


****************************
* Running sampler 1/1: fisher
* Saving output -> /tmp/tmpdjkk27ig/chain.txt
****************************
Calculating derivatives using 20 total models
4
(304,)
(4, 304)
6249319.62865952
4660882
536666.3042368268
446018
2100382.2024054904
1711346
18041048.9972932
10410308
biases= [1.3408019402034894, 1.2032391164411007, 1.2273276137061064, 1.732998581530268]
Running in serial mode (one process).

Parameter Priors
----------------
params--omega_k  ~ delta(0.0)
params--omega_c  ~ U(0.25, 0.32)
params--omega_b  ~ U(0.04, 0.05)
params--h        ~ U(0.5, 0.9)
params--n_s      ~ U(0.9, 1.02)
params--sigma8   ~ U(0.74, 0.94)
params--w0       ~ delta(-1.0)
params--wa       ~ delta(0.0)
params--bias_0   ~ delta(1.3408019402034894)
params--bias_1   ~ delta(1.2032391164411007)
params--bias_2   ~ delta(1.2273276137061064)
params--bias_3   ~ delta(1.732998581530268)


****************************
* Running sampler 1/1: fisher
* Saving output -> /tmp/tmpv54za3kd/chain.txt
****************************
Calculating derivatives using 20 total models
4
(304,)
(4, 304)
6249319.62865952
4660882
536666.3042368268
446018
2100382.2024054904
1711346
18041048.9972932
10410308
biases= [1.3408019402034894, 1.2032391164411007, 1.2273276137061064, 1.732998581530268]
Running in serial mode (one process).

Parameter Priors
----------------
params--omega_k  ~ delta(0.0)
params--omega_c  ~ U(0.25, 0.32)
params--omega_b  ~ U(0.04, 0.05)
params--h        ~ U(0.5, 0.9)
params--n_s      ~ U(0.9, 1.02)
params--sigma8   ~ U(0.74, 0.94)
params--w0       ~ delta(-1.0)
params--wa       ~ delta(0.0)
params--bias_0   ~ delta(1.3408019402034894)
params--bias_1   ~ delta(1.2032391164411007)
params--bias_2   ~ delta(1.2273276137061064)
params--bias_3   ~ delta(1.732998581530268)


****************************
* Running sampler 1/1: fisher
* Saving output -> /tmp/tmpbl2byvzj/chain.txt
****************************
Calculating derivatives using 20 total models
Making some pretty plots...
