/global/cscratch1/sd/abault/tomo_challenge/bin/..
Found classifier RandomForest_log
Found classifier IBandOnly
Found classifier RandomForestNormal
Found classifier RandomForestUniform
Found classifier RandomForest
Found classifier Random
Executing:  RandomForestUniform riz {'bins': 4, 'colors': True, 'errors': True}
{'bins': 4, 'colors': True, 'errors': True} ['bins']
Initializing classifier...
Training...
Finding bins for training data
[0.02450252 0.68055436 0.858418   2.08940756 3.03609133]
Fitting classifier
Applying...
Getting metric...
Running in serial mode (one process).

Parameter Priors
----------------
params--omega_k  ~ delta(0.0)
params--omega_c  ~ U(0.25, 0.32)
params--omega_b  ~ U(0.04, 0.05)
params--h        ~ U(0.5, 0.9)
params--n_s      ~ U(0.9, 1.02)
params--sigma8   ~ U(0.74, 0.94)
params--w0       ~ delta(-1.0)
params--wa       ~ delta(0.0)


****************************
* Running sampler 1/1: fisher
* Saving output -> /tmp/tmpod5u669r/chain.txt
****************************
Calculating derivatives using 20 total models
Running in serial mode (one process).

Parameter Priors
----------------
params--omega_k  ~ delta(0.0)
params--omega_c  ~ U(0.25, 0.32)
params--omega_b  ~ U(0.04, 0.05)
params--h        ~ U(0.5, 0.9)
params--n_s      ~ U(0.9, 1.02)
params--sigma8   ~ U(0.74, 0.94)
params--w0       ~ delta(-1.0)
params--wa       ~ delta(0.0)
params--bias_0   ~ delta(1.3069241571401855)
params--bias_1   ~ delta(1.4794681602751933)
params--bias_2   ~ delta(1.783300810771281)
params--bias_3   ~ delta(2.606220681084049)


****************************
* Running sampler 1/1: fisher
* Saving output -> /tmp/tmp31actg_6/chain.txt
****************************
Calculating derivatives using 20 total models
Running in serial mode (one process).

Parameter Priors
----------------
params--omega_k  ~ delta(0.0)
params--omega_c  ~ U(0.25, 0.32)
params--omega_b  ~ U(0.04, 0.05)
params--h        ~ U(0.5, 0.9)
params--n_s      ~ U(0.9, 1.02)
params--sigma8   ~ U(0.74, 0.94)
params--w0       ~ delta(-1.0)
params--wa       ~ delta(0.0)
params--bias_0   ~ delta(1.3069241571401855)
params--bias_1   ~ delta(1.4794681602751933)
params--bias_2   ~ delta(1.783300810771281)
params--bias_3   ~ delta(2.606220681084049)


****************************
* Running sampler 1/1: fisher
* Saving output -> /tmp/tmp14pmm2e6/chain.txt
****************************
Calculating derivatives using 20 total models
Making some pretty plots...
