/global/cscratch1/sd/abault/tomo_challenge/bin/..
Found classifier RandomForest_log
Found classifier IBandOnly
Found classifier RandomForestNormal
Found classifier RandomForestUniform
Found classifier RandomForest
Found classifier Random
Executing:  RandomForestUniform riz {'bins': 8, 'colors': True, 'errors': True}
{'bins': 8, 'colors': True, 'errors': True} ['bins']
Initializing classifier...
Training...
Finding bins for training data
[0.02450252 0.68055436 0.858418   1.26931938 1.65394431 2.08940756
 2.15840691 2.9422926  3.03609133]
Fitting classifier
Applying...
Getting metric...
Running in serial mode (one process).

Parameter Priors
----------------
params--omega_k  ~ delta(0.0)
params--omega_c  ~ U(0.25, 0.32)
params--omega_b  ~ U(0.04, 0.05)
params--h        ~ U(0.5, 0.9)
params--n_s      ~ U(0.9, 1.02)
params--sigma8   ~ U(0.74, 0.94)
params--w0       ~ delta(-1.0)
params--wa       ~ delta(0.0)


****************************
* Running sampler 1/1: fisher
* Saving output -> /tmp/tmpg684ef0g/chain.txt
****************************
Calculating derivatives using 20 total models
Running in serial mode (one process).

Parameter Priors
----------------
params--omega_k  ~ delta(0.0)
params--omega_c  ~ U(0.25, 0.32)
params--omega_b  ~ U(0.04, 0.05)
params--h        ~ U(0.5, 0.9)
params--n_s      ~ U(0.9, 1.02)
params--sigma8   ~ U(0.74, 0.94)
params--w0       ~ delta(-1.0)
params--wa       ~ delta(0.0)
params--bias_0   ~ delta(1.311643344163664)
params--bias_1   ~ delta(1.480475703762752)
params--bias_2   ~ delta(1.6870486938697402)
params--bias_3   ~ delta(1.9111074288323902)
params--bias_4   ~ delta(2.2003309928037784)
params--bias_5   ~ delta(2.4331942419305235)
params--bias_6   ~ delta(2.620459106603769)
params--bias_7   ~ delta(2.6361862117129045)


****************************
* Running sampler 1/1: fisher
* Saving output -> /tmp/tmp_lgodn5s/chain.txt
****************************
Calculating derivatives using 20 total models
Running in serial mode (one process).

Parameter Priors
----------------
params--omega_k  ~ delta(0.0)
params--omega_c  ~ U(0.25, 0.32)
params--omega_b  ~ U(0.04, 0.05)
params--h        ~ U(0.5, 0.9)
params--n_s      ~ U(0.9, 1.02)
params--sigma8   ~ U(0.74, 0.94)
params--w0       ~ delta(-1.0)
params--wa       ~ delta(0.0)
params--bias_0   ~ delta(1.311643344163664)
params--bias_1   ~ delta(1.480475703762752)
params--bias_2   ~ delta(1.6870486938697402)
params--bias_3   ~ delta(1.9111074288323902)
params--bias_4   ~ delta(2.2003309928037784)
params--bias_5   ~ delta(2.4331942419305235)
params--bias_6   ~ delta(2.620459106603769)
params--bias_7   ~ delta(2.6361862117129045)


****************************
* Running sampler 1/1: fisher
* Saving output -> /tmp/tmphtnjtt9v/chain.txt
****************************
Calculating derivatives using 20 total models
WARNING: The inverse covariance matrix produced by your pipeline
         is not symmetric. This probably indicates a mistake somewhere.
         If you are only using cosmosis-standard-library likelihoods please 
         open an issue about this on the cosmosis site.
Making some pretty plots...
