/global/cscratch1/sd/abault/tomo_challenge/bin/..
Found classifier RandomForest_log
Found classifier IBandOnly
Found classifier RandomForestNormal
Found classifier RandomForestUniform
Found classifier RF_Log_CombineBins
Found classifier RandomForest
Found classifier RF_Normal_CombineBins
Found classifier RandomForestCombineBins
Found classifier RF_Uniform_CombineBins
Found classifier Random
Found classifier RandomForest_comb_test
Executing:  RF_Uniform_CombineBins riz {'bins': 5, 'colors': True, 'errors': True}
{'bins': 5, 'colors': True, 'errors': True} ['bins']
Initializing classifier...
Training...
Finding bins for training data
[0.02450252 0.68055436 0.858418   1.65394431 2.08940756 3.03609133]
Fitting classifier
Applying...
Getting metric...
Running in serial mode (one process).

Parameter Priors
----------------
params--omega_k  ~ delta(0.0)
params--omega_c  ~ U(0.25, 0.32)
params--omega_b  ~ U(0.04, 0.05)
params--h        ~ U(0.5, 0.9)
params--n_s      ~ U(0.9, 1.02)
params--sigma8   ~ U(0.74, 0.94)
params--w0       ~ delta(-1.0)
params--wa       ~ delta(0.0)


****************************
* Running sampler 1/1: fisher
* Saving output -> /tmp/tmpcv91grmu/chain.txt
****************************
Calculating derivatives using 20 total models
Running in serial mode (one process).

Parameter Priors
----------------
params--omega_k  ~ delta(0.0)
params--omega_c  ~ U(0.25, 0.32)
params--omega_b  ~ U(0.04, 0.05)
params--h        ~ U(0.5, 0.9)
params--n_s      ~ U(0.9, 1.02)
params--sigma8   ~ U(0.74, 0.94)
params--w0       ~ delta(-1.0)
params--wa       ~ delta(0.0)
params--bias_0   ~ delta(1.3607270253935149)
params--bias_1   ~ delta(2.5813978122461982)
params--bias_2   ~ delta(1.7476661701541452)
params--bias_3   ~ delta(2.2043998086715852)


****************************
* Running sampler 1/1: fisher
* Saving output -> /tmp/tmptcvyvon0/chain.txt
****************************
Calculating derivatives using 20 total models
Running in serial mode (one process).

Parameter Priors
----------------
params--omega_k  ~ delta(0.0)
params--omega_c  ~ U(0.25, 0.32)
params--omega_b  ~ U(0.04, 0.05)
params--h        ~ U(0.5, 0.9)
params--n_s      ~ U(0.9, 1.02)
params--sigma8   ~ U(0.74, 0.94)
params--w0       ~ delta(-1.0)
params--wa       ~ delta(0.0)
params--bias_0   ~ delta(1.3607270253935149)
params--bias_1   ~ delta(2.5813978122461982)
params--bias_2   ~ delta(1.7476661701541452)
params--bias_3   ~ delta(2.2043998086715852)


****************************
* Running sampler 1/1: fisher
* Saving output -> /tmp/tmphre8qzz7/chain.txt
****************************
Calculating derivatives using 20 total models
Making some pretty plots...
