/global/cscratch1/sd/abault/tomo_challenge/bin/..
Found classifier RandomForest_log
Found classifier IBandOnly
Found classifier RandomForestNormal
Found classifier RandomForestUniform
Found classifier RandomForest
Found classifier Random
file successfully created
first loop successfully entered
second loop successfully entered
Executing:  RandomForest_log riz {'bins': 10, 'colors': True, 'errors': True}
{'bins': 10, 'colors': True, 'errors': True} ['bins']
Initializing classifier...
Training...
Finding bins for training data
the bins are in logspace
cut percent: 0.05
Fitting classifier
Applying...
Getting metric...
Running in serial mode (one process).

Parameter Priors
----------------
params--omega_k  ~ delta(0.0)
params--omega_c  ~ U(0.25, 0.32)
params--omega_b  ~ U(0.04, 0.05)
params--h        ~ U(0.5, 0.9)
params--n_s      ~ U(0.9, 1.02)
params--sigma8   ~ U(0.74, 0.94)
params--w0       ~ delta(-1.0)
params--wa       ~ delta(0.0)


****************************
* Running sampler 1/1: fisher
* Saving output -> /tmp/tmpxv1_s87x/chain.txt
****************************
Calculating derivatives using 20 total models
Running in serial mode (one process).

Parameter Priors
----------------
params--omega_k  ~ delta(0.0)
params--omega_c  ~ U(0.25, 0.32)
params--omega_b  ~ U(0.04, 0.05)
params--h        ~ U(0.5, 0.9)
params--n_s      ~ U(0.9, 1.02)
params--sigma8   ~ U(0.74, 0.94)
params--w0       ~ delta(-1.0)
params--wa       ~ delta(0.0)
params--bias_0   ~ delta(1.1230673520631358)
params--bias_1   ~ delta(1.1860558567792236)
params--bias_2   ~ delta(1.195801073258373)
params--bias_3   ~ delta(1.1891119117180495)
params--bias_4   ~ delta(1.2063992094916378)
params--bias_5   ~ delta(1.2268082360867738)
params--bias_6   ~ delta(1.284071282386922)
params--bias_7   ~ delta(1.3991101109924111)
params--bias_8   ~ delta(1.5083271037932677)
params--bias_9   ~ delta(1.8610866508424537)


****************************
* Running sampler 1/1: fisher
* Saving output -> /tmp/tmpze52pg_b/chain.txt
****************************
Calculating derivatives using 20 total models
Running in serial mode (one process).

Parameter Priors
----------------
params--omega_k  ~ delta(0.0)
params--omega_c  ~ U(0.25, 0.32)
params--omega_b  ~ U(0.04, 0.05)
params--h        ~ U(0.5, 0.9)
params--n_s      ~ U(0.9, 1.02)
params--sigma8   ~ U(0.74, 0.94)
params--w0       ~ delta(-1.0)
params--wa       ~ delta(0.0)
params--bias_0   ~ delta(1.1230673520631358)
params--bias_1   ~ delta(1.1860558567792236)
params--bias_2   ~ delta(1.195801073258373)
params--bias_3   ~ delta(1.1891119117180495)
params--bias_4   ~ delta(1.2063992094916378)
params--bias_5   ~ delta(1.2268082360867738)
params--bias_6   ~ delta(1.284071282386922)
params--bias_7   ~ delta(1.3991101109924111)
params--bias_8   ~ delta(1.5083271037932677)
params--bias_9   ~ delta(1.8610866508424537)


****************************
* Running sampler 1/1: fisher
* Saving output -> /tmp/tmpw7x3ru8w/chain.txt
****************************
Calculating derivatives using 20 total models
Making some pretty plots...
